[ 2014-12-02T18:01:15+08:00 ] 127.0.0.1 /blog/myblog/capsule_v1/index.php/Public/verify/
INFO: [ route_check ] --START--
INFO: Run CheckRoute Behavior [ RunTime:0.001000s ]
INFO: [ route_check ] --END-- [ RunTime:0.002000s ]
NOTIC: [8192] preg_replace(): The /e modifier is deprecated, use preg_replace_callback instead D:\wamp2\wamp\www\blog\myblog\ThinkPHP\Lib\Core\Dispatcher.class.php 第 120 行.
NOTIC: [8192] preg_replace(): The /e modifier is deprecated, use preg_replace_callback instead D:\wamp2\wamp\www\blog\myblog\ThinkPHP\Common\common.php 第 92 行.
INFO: [ app_begin ] --START--
INFO: Run ReadHtmlCache Behavior [ RunTime:0.001000s ]
INFO: [ app_begin ] --END-- [ RunTime:0.001000s ]
NOTIC: [8] Use of undefined constant gif - assumed 'gif' D:\wamp2\wamp\www\blog\myblog\capsule_v1\home\Lib\Action\PublicAction.class.php 第 112 行.

[ 2014-12-02T18:01:26+08:00 ] 127.0.0.1 /blog/myblog/capsule_v1/index.php/Index/index/cid/1
INFO: [ route_check ] --START--
INFO: Run CheckRoute Behavior [ RunTime:0.001000s ]
INFO: [ route_check ] --END-- [ RunTime:0.001000s ]
NOTIC: [8192] preg_replace(): The /e modifier is deprecated, use preg_replace_callback instead D:\wamp2\wamp\www\blog\myblog\ThinkPHP\Lib\Core\Dispatcher.class.php 第 120 行.
NOTIC: [8192] preg_replace(): The /e modifier is deprecated, use preg_replace_callback instead D:\wamp2\wamp\www\blog\myblog\ThinkPHP\Common\common.php 第 92 行.
INFO: [ app_begin ] --START--
INFO: Run ReadHtmlCache Behavior [ RunTime:0.001000s ]
INFO: [ app_begin ] --END-- [ RunTime:0.002000s ]
NOTIC: [8192] mysql_connect(): The mysql extension is deprecated and will be removed in the future: use mysqli or PDO instead D:\wamp2\wamp\www\blog\myblog\ThinkPHP\Lib\Driver\Db\DbMysql.class.php 第 55 行.
SQL: SHOW COLUMNS FROM `class` [ RunTime:0.009001s ]
NOTIC: [8192] preg_replace(): The /e modifier is deprecated, use preg_replace_callback instead D:\wamp2\wamp\www\blog\myblog\ThinkPHP\Lib\Core\Db.class.php 第 568 行.
SQL: SELECT * FROM `class`  [ RunTime:0.000000s ]
SQL: SHOW COLUMNS FROM `article` [ RunTime:0.010000s ]
NOTIC: [2] Missing argument 1 for Model::limit(), called in D:\wamp2\wamp\www\blog\myblog\capsule_v1\home\Lib\Action\IndexAction.class.php on line 15 and defined D:\wamp2\wamp\www\blog\myblog\ThinkPHP\Lib\Core\Model.class.php 第 1483 行.
NOTIC: [8] Undefined variable: offset D:\wamp2\wamp\www\blog\myblog\ThinkPHP\Lib\Core\Model.class.php 第 1484 行.
NOTIC: [8] Undefined offset: 0 D:\wamp2\wamp\www\blog\myblog\ThinkPHP\Lib\Core\Model.class.php 第 234 行.
NOTIC: [8192] preg_replace(): The /e modifier is deprecated, use preg_replace_callback instead D:\wamp2\wamp\www\blog\myblog\ThinkPHP\Lib\Core\Db.class.php 第 568 行.
SQL: SELECT * FROM `article` WHERE ( `status` = 1 ) AND ( `cid` = 1 )  [ RunTime:0.001000s ]
NOTIC: [8192] preg_replace(): The /e modifier is deprecated, use preg_replace_callback instead D:\wamp2\wamp\www\blog\myblog\ThinkPHP\Lib\Core\Db.class.php 第 568 行.
SQL: SELECT COUNT(*) AS tp_count FROM `article` WHERE ( `status` = 1 ) AND ( `cid` = 1 ) LIMIT 1   [ RunTime:0.000000s ]
INFO: [ view_template ] --START--
INFO: Run LocationTemplate Behavior [ RunTime:0.001000s ]
INFO: [ view_template ] --END-- [ RunTime:0.001000s ]
INFO: [ view_parse ] --START--
INFO: Run ParseTemplate Behavior [ RunTime:0.308017s ]
INFO: [ view_parse ] --END-- [ RunTime:0.308017s ]
INFO: [ view_filter ] --START--
INFO: Run ContentReplace Behavior [ RunTime:0.001000s ]
INFO: Run TokenBuild Behavior [ RunTime:0.002001s ]
INFO: Run WriteHtmlCache Behavior [ RunTime:0.000000s ]
INFO: Run ShowRuntime Behavior [ RunTime:0.001000s ]
INFO: [ view_filter ] --END-- [ RunTime:0.006001s ]
INFO: [ view_end ] --START--
INFO: Run ShowPageTrace Behavior [ RunTime:0.001000s ]
INFO: [ view_end ] --END-- [ RunTime:0.001000s ]

[ 2014-12-02T18:01:26+08:00 ] 127.0.0.1 /blog/myblog/capsule_v1/index.php/Index/index/cid/images/shuai.jpg
INFO: [ route_check ] --START--
INFO: Run CheckRoute Behavior [ RunTime:0.001000s ]
INFO: [ route_check ] --END-- [ RunTime:0.001000s ]
NOTIC: [8192] preg_replace(): The /e modifier is deprecated, use preg_replace_callback instead D:\wamp2\wamp\www\blog\myblog\ThinkPHP\Lib\Core\Dispatcher.class.php 第 120 行.
NOTIC: [8192] preg_replace(): The /e modifier is deprecated, use preg_replace_callback instead D:\wamp2\wamp\www\blog\myblog\ThinkPHP\Common\common.php 第 92 行.
INFO: [ app_begin ] --START--
INFO: Run ReadHtmlCache Behavior [ RunTime:0.001000s ]
INFO: [ app_begin ] --END-- [ RunTime:0.002000s ]
NOTIC: [8192] mysql_connect(): The mysql extension is deprecated and will be removed in the future: use mysqli or PDO instead D:\wamp2\wamp\www\blog\myblog\ThinkPHP\Lib\Driver\Db\DbMysql.class.php 第 55 行.
SQL: SHOW COLUMNS FROM `class` [ RunTime:0.013001s ]
NOTIC: [8192] preg_replace(): The /e modifier is deprecated, use preg_replace_callback instead D:\wamp2\wamp\www\blog\myblog\ThinkPHP\Lib\Core\Db.class.php 第 568 行.
SQL: SELECT * FROM `class`  [ RunTime:0.001000s ]
SQL: SHOW COLUMNS FROM `article` [ RunTime:0.012001s ]
NOTIC: [2] Missing argument 1 for Model::limit(), called in D:\wamp2\wamp\www\blog\myblog\capsule_v1\home\Lib\Action\IndexAction.class.php on line 15 and defined D:\wamp2\wamp\www\blog\myblog\ThinkPHP\Lib\Core\Model.class.php 第 1483 行.
NOTIC: [8] Undefined variable: offset D:\wamp2\wamp\www\blog\myblog\ThinkPHP\Lib\Core\Model.class.php 第 1484 行.
NOTIC: [8] Undefined offset: 0 D:\wamp2\wamp\www\blog\myblog\ThinkPHP\Lib\Core\Model.class.php 第 234 行.
NOTIC: [8192] preg_replace(): The /e modifier is deprecated, use preg_replace_callback instead D:\wamp2\wamp\www\blog\myblog\ThinkPHP\Lib\Core\Db.class.php 第 568 行.
SQL: SELECT * FROM `article` WHERE ( `status` = 1 ) AND ( `cid` = 0 )  [ RunTime:0.001000s ]
NOTIC: [8192] preg_replace(): The /e modifier is deprecated, use preg_replace_callback instead D:\wamp2\wamp\www\blog\myblog\ThinkPHP\Lib\Core\Db.class.php 第 568 行.
SQL: SELECT COUNT(*) AS tp_count FROM `article` WHERE ( `status` = 1 ) AND ( `cid` = 0 ) LIMIT 1   [ RunTime:0.001000s ]
INFO: [ view_template ] --START--
INFO: Run LocationTemplate Behavior [ RunTime:0.001000s ]
INFO: [ view_template ] --END-- [ RunTime:0.002000s ]
INFO: [ view_parse ] --START--
INFO: Run ParseTemplate Behavior [ RunTime:0.023002s ]
INFO: [ view_parse ] --END-- [ RunTime:0.024002s ]
INFO: [ view_filter ] --START--
INFO: Run ContentReplace Behavior [ RunTime:0.001000s ]
INFO: Run TokenBuild Behavior [ RunTime:0.001000s ]
INFO: Run WriteHtmlCache Behavior [ RunTime:0.001000s ]
INFO: Run ShowRuntime Behavior [ RunTime:0.002000s ]
INFO: [ view_filter ] --END-- [ RunTime:0.005000s ]
INFO: [ view_end ] --START--
INFO: Run ShowPageTrace Behavior [ RunTime:0.001000s ]
INFO: [ view_end ] --END-- [ RunTime:0.002000s ]

[ 2014-12-02T18:01:26+08:00 ] 127.0.0.1 /blog/myblog/capsule_v1/index.php/Public/verify/
INFO: [ route_check ] --START--
INFO: Run CheckRoute Behavior [ RunTime:0.001000s ]
INFO: [ route_check ] --END-- [ RunTime:0.001000s ]
NOTIC: [8192] preg_replace(): The /e modifier is deprecated, use preg_replace_callback instead D:\wamp2\wamp\www\blog\myblog\ThinkPHP\Lib\Core\Dispatcher.class.php 第 120 行.
NOTIC: [8192] preg_replace(): The /e modifier is deprecated, use preg_replace_callback instead D:\wamp2\wamp\www\blog\myblog\ThinkPHP\Common\common.php 第 92 行.
INFO: [ app_begin ] --START--
INFO: Run ReadHtmlCache Behavior [ RunTime:0.001000s ]
INFO: [ app_begin ] --END-- [ RunTime:0.001000s ]
NOTIC: [8] Use of undefined constant gif - assumed 'gif' D:\wamp2\wamp\www\blog\myblog\capsule_v1\home\Lib\Action\PublicAction.class.php 第 112 行.

[ 2014-12-02T18:01:27+08:00 ] 127.0.0.1 /blog/myblog/capsule_v1/index.php/Index/index/cid/1
INFO: [ route_check ] --START--
INFO: Run CheckRoute Behavior [ RunTime:0.001000s ]
INFO: [ route_check ] --END-- [ RunTime:0.002000s ]
NOTIC: [8192] preg_replace(): The /e modifier is deprecated, use preg_replace_callback instead D:\wamp2\wamp\www\blog\myblog\ThinkPHP\Lib\Core\Dispatcher.class.php 第 120 行.
NOTIC: [8192] preg_replace(): The /e modifier is deprecated, use preg_replace_callback instead D:\wamp2\wamp\www\blog\myblog\ThinkPHP\Common\common.php 第 92 行.
INFO: [ app_begin ] --START--
INFO: Run ReadHtmlCache Behavior [ RunTime:0.001000s ]
INFO: [ app_begin ] --END-- [ RunTime:0.002000s ]
NOTIC: [8192] mysql_connect(): The mysql extension is deprecated and will be removed in the future: use mysqli or PDO instead D:\wamp2\wamp\www\blog\myblog\ThinkPHP\Lib\Driver\Db\DbMysql.class.php 第 55 行.
SQL: SHOW COLUMNS FROM `class` [ RunTime:0.006001s ]
NOTIC: [8192] preg_replace(): The /e modifier is deprecated, use preg_replace_callback instead D:\wamp2\wamp\www\blog\myblog\ThinkPHP\Lib\Core\Db.class.php 第 568 行.
SQL: SELECT * FROM `class`  [ RunTime:0.000000s ]
SQL: SHOW COLUMNS FROM `article` [ RunTime:0.005000s ]
NOTIC: [2] Missing argument 1 for Model::limit(), called in D:\wamp2\wamp\www\blog\myblog\capsule_v1\home\Lib\Action\IndexAction.class.php on line 15 and defined D:\wamp2\wamp\www\blog\myblog\ThinkPHP\Lib\Core\Model.class.php 第 1483 行.
NOTIC: [8] Undefined variable: offset D:\wamp2\wamp\www\blog\myblog\ThinkPHP\Lib\Core\Model.class.php 第 1484 行.
NOTIC: [8] Undefined offset: 0 D:\wamp2\wamp\www\blog\myblog\ThinkPHP\Lib\Core\Model.class.php 第 234 行.
NOTIC: [8192] preg_replace(): The /e modifier is deprecated, use preg_replace_callback instead D:\wamp2\wamp\www\blog\myblog\ThinkPHP\Lib\Core\Db.class.php 第 568 行.
SQL: SELECT * FROM `article` WHERE ( `status` = 1 ) AND ( `cid` = 1 )  [ RunTime:0.000000s ]
NOTIC: [8192] preg_replace(): The /e modifier is deprecated, use preg_replace_callback instead D:\wamp2\wamp\www\blog\myblog\ThinkPHP\Lib\Core\Db.class.php 第 568 行.
SQL: SELECT COUNT(*) AS tp_count FROM `article` WHERE ( `status` = 1 ) AND ( `cid` = 1 ) LIMIT 1   [ RunTime:0.002000s ]
INFO: [ view_template ] --START--
INFO: Run LocationTemplate Behavior [ RunTime:0.001000s ]
INFO: [ view_template ] --END-- [ RunTime:0.002000s ]
INFO: [ view_parse ] --START--
INFO: Run ParseTemplate Behavior [ RunTime:0.020001s ]
INFO: [ view_parse ] --END-- [ RunTime:0.020001s ]
INFO: [ view_filter ] --START--
INFO: Run ContentReplace Behavior [ RunTime:0.001000s ]
INFO: Run TokenBuild Behavior [ RunTime:0.001000s ]
INFO: Run WriteHtmlCache Behavior [ RunTime:0.000000s ]
INFO: Run ShowRuntime Behavior [ RunTime:0.001000s ]
INFO: [ view_filter ] --END-- [ RunTime:0.004000s ]
INFO: [ view_end ] --START--
INFO: Run ShowPageTrace Behavior [ RunTime:0.001000s ]
INFO: [ view_end ] --END-- [ RunTime:0.002000s ]

[ 2014-12-02T18:01:27+08:00 ] 127.0.0.1 /blog/myblog/capsule_v1/index.php/Index/index/cid/images/shuai.jpg
INFO: [ route_check ] --START--
INFO: Run CheckRoute Behavior [ RunTime:0.001000s ]
INFO: [ route_check ] --END-- [ RunTime:0.002000s ]
NOTIC: [8192] preg_replace(): The /e modifier is deprecated, use preg_replace_callback instead D:\wamp2\wamp\www\blog\myblog\ThinkPHP\Lib\Core\Dispatcher.class.php 第 120 行.
NOTIC: [8192] preg_replace(): The /e modifier is deprecated, use preg_replace_callback instead D:\wamp2\wamp\www\blog\myblog\ThinkPHP\Common\common.php 第 92 行.
INFO: [ app_begin ] --START--
INFO: Run ReadHtmlCache Behavior [ RunTime:0.001000s ]
INFO: [ app_begin ] --END-- [ RunTime:0.001000s ]
NOTIC: [8192] mysql_connect(): The mysql extension is deprecated and will be removed in the future: use mysqli or PDO instead D:\wamp2\wamp\www\blog\myblog\ThinkPHP\Lib\Driver\Db\DbMysql.class.php 第 55 行.
SQL: SHOW COLUMNS FROM `class` [ RunTime:0.013001s ]
NOTIC: [8192] preg_replace(): The /e modifier is deprecated, use preg_replace_callback instead D:\wamp2\wamp\www\blog\myblog\ThinkPHP\Lib\Core\Db.class.php 第 568 行.
SQL: SELECT * FROM `class`  [ RunTime:0.000000s ]
SQL: SHOW COLUMNS FROM `article` [ RunTime:0.013001s ]
NOTIC: [2] Missing argument 1 for Model::limit(), called in D:\wamp2\wamp\www\blog\myblog\capsule_v1\home\Lib\Action\IndexAction.class.php on line 15 and defined D:\wamp2\wamp\www\blog\myblog\ThinkPHP\Lib\Core\Model.class.php 第 1483 行.
NOTIC: [8] Undefined variable: offset D:\wamp2\wamp\www\blog\myblog\ThinkPHP\Lib\Core\Model.class.php 第 1484 行.
NOTIC: [8] Undefined offset: 0 D:\wamp2\wamp\www\blog\myblog\ThinkPHP\Lib\Core\Model.class.php 第 234 行.
NOTIC: [8192] preg_replace(): The /e modifier is deprecated, use preg_replace_callback instead D:\wamp2\wamp\www\blog\myblog\ThinkPHP\Lib\Core\Db.class.php 第 568 行.
SQL: SELECT * FROM `article` WHERE ( `status` = 1 ) AND ( `cid` = 0 )  [ RunTime:0.001000s ]
NOTIC: [8192] preg_replace(): The /e modifier is deprecated, use preg_replace_callback instead D:\wamp2\wamp\www\blog\myblog\ThinkPHP\Lib\Core\Db.class.php 第 568 行.
SQL: SELECT COUNT(*) AS tp_count FROM `article` WHERE ( `status` = 1 ) AND ( `cid` = 0 ) LIMIT 1   [ RunTime:0.001000s ]
INFO: [ view_template ] --START--
INFO: Run LocationTemplate Behavior [ RunTime:0.002000s ]
INFO: [ view_template ] --END-- [ RunTime:0.002000s ]
INFO: [ view_parse ] --START--
INFO: Run ParseTemplate Behavior [ RunTime:0.026002s ]
INFO: [ view_parse ] --END-- [ RunTime:0.027002s ]
INFO: [ view_filter ] --START--
INFO: Run ContentReplace Behavior [ RunTime:0.001000s ]
INFO: Run TokenBuild Behavior [ RunTime:0.001000s ]
INFO: Run WriteHtmlCache Behavior [ RunTime:0.000000s ]
INFO: Run ShowRuntime Behavior [ RunTime:0.002000s ]
INFO: [ view_filter ] --END-- [ RunTime:0.006000s ]
INFO: [ view_end ] --START--
INFO: Run ShowPageTrace Behavior [ RunTime:0.002000s ]
INFO: [ view_end ] --END-- [ RunTime:0.002000s ]

[ 2014-12-02T18:01:27+08:00 ] 127.0.0.1 /blog/myblog/capsule_v1/index.php/Public/verify/
INFO: [ route_check ] --START--
INFO: Run CheckRoute Behavior [ RunTime:0.002000s ]
INFO: [ route_check ] --END-- [ RunTime:0.003000s ]
NOTIC: [8192] preg_replace(): The /e modifier is deprecated, use preg_replace_callback instead D:\wamp2\wamp\www\blog\myblog\ThinkPHP\Lib\Core\Dispatcher.class.php 第 120 行.
NOTIC: [8192] preg_replace(): The /e modifier is deprecated, use preg_replace_callback instead D:\wamp2\wamp\www\blog\myblog\ThinkPHP\Common\common.php 第 92 行.
INFO: [ app_begin ] --START--
INFO: Run ReadHtmlCache Behavior [ RunTime:0.002000s ]
INFO: [ app_begin ] --END-- [ RunTime:0.002000s ]
NOTIC: [8] Use of undefined constant gif - assumed 'gif' D:\wamp2\wamp\www\blog\myblog\capsule_v1\home\Lib\Action\PublicAction.class.php 第 112 行.

[ 2014-12-02T18:02:22+08:00 ] 127.0.0.1 /blog/myblog/capsule_v1/index.php/Index/index/cid/1
INFO: [ route_check ] --START--
INFO: Run CheckRoute Behavior [ RunTime:0.002000s ]
INFO: [ route_check ] --END-- [ RunTime:0.002000s ]
NOTIC: [8192] preg_replace(): The /e modifier is deprecated, use preg_replace_callback instead D:\wamp2\wamp\www\blog\myblog\ThinkPHP\Lib\Core\Dispatcher.class.php 第 120 行.
NOTIC: [8192] preg_replace(): The /e modifier is deprecated, use preg_replace_callback instead D:\wamp2\wamp\www\blog\myblog\ThinkPHP\Common\common.php 第 92 行.
INFO: [ app_begin ] --START--
INFO: Run ReadHtmlCache Behavior [ RunTime:0.001000s ]
INFO: [ app_begin ] --END-- [ RunTime:0.002000s ]
NOTIC: [8192] mysql_connect(): The mysql extension is deprecated and will be removed in the future: use mysqli or PDO instead D:\wamp2\wamp\www\blog\myblog\ThinkPHP\Lib\Driver\Db\DbMysql.class.php 第 55 行.
SQL: SHOW COLUMNS FROM `class` [ RunTime:0.011001s ]
NOTIC: [8192] preg_replace(): The /e modifier is deprecated, use preg_replace_callback instead D:\wamp2\wamp\www\blog\myblog\ThinkPHP\Lib\Core\Db.class.php 第 568 行.
SQL: SELECT * FROM `class`  [ RunTime:0.001000s ]
SQL: SHOW COLUMNS FROM `article` [ RunTime:0.019001s ]
NOTIC: [2] Missing argument 1 for Model::limit(), called in D:\wamp2\wamp\www\blog\myblog\capsule_v1\home\Lib\Action\IndexAction.class.php on line 15 and defined D:\wamp2\wamp\www\blog\myblog\ThinkPHP\Lib\Core\Model.class.php 第 1483 行.
NOTIC: [8] Undefined variable: offset D:\wamp2\wamp\www\blog\myblog\ThinkPHP\Lib\Core\Model.class.php 第 1484 行.
NOTIC: [8] Undefined offset: 0 D:\wamp2\wamp\www\blog\myblog\ThinkPHP\Lib\Core\Model.class.php 第 234 行.
NOTIC: [8192] preg_replace(): The /e modifier is deprecated, use preg_replace_callback instead D:\wamp2\wamp\www\blog\myblog\ThinkPHP\Lib\Core\Db.class.php 第 568 行.
SQL: SELECT * FROM `article` WHERE ( `status` = 1 ) AND ( `cid` = 1 )  [ RunTime:0.001000s ]
NOTIC: [8192] preg_replace(): The /e modifier is deprecated, use preg_replace_callback instead D:\wamp2\wamp\www\blog\myblog\ThinkPHP\Lib\Core\Db.class.php 第 568 行.
SQL: SELECT COUNT(*) AS tp_count FROM `article` WHERE ( `status` = 1 ) AND ( `cid` = 1 ) LIMIT 1   [ RunTime:0.001000s ]
INFO: [ view_template ] --START--
INFO: Run LocationTemplate Behavior [ RunTime:0.001000s ]
INFO: [ view_template ] --END-- [ RunTime:0.001000s ]
INFO: [ view_parse ] --START--
INFO: Run ParseTemplate Behavior [ RunTime:0.322018s ]
INFO: [ view_parse ] --END-- [ RunTime:0.322018s ]
INFO: [ view_filter ] --START--
INFO: Run ContentReplace Behavior [ RunTime:0.002000s ]
INFO: Run TokenBuild Behavior [ RunTime:0.001000s ]
INFO: Run WriteHtmlCache Behavior [ RunTime:0.000000s ]
INFO: Run ShowRuntime Behavior [ RunTime:0.001000s ]
INFO: [ view_filter ] --END-- [ RunTime:0.007000s ]
INFO: [ view_end ] --START--
INFO: Run ShowPageTrace Behavior [ RunTime:0.002001s ]
INFO: [ view_end ] --END-- [ RunTime:0.002001s ]

[ 2014-12-02T18:02:22+08:00 ] 127.0.0.1 /blog/myblog/capsule_v1/index.php/Index/index/cid/images/shuai.jpg
INFO: [ route_check ] --START--
INFO: Run CheckRoute Behavior [ RunTime:0.001000s ]
INFO: [ route_check ] --END-- [ RunTime:0.002000s ]
NOTIC: [8192] preg_replace(): The /e modifier is deprecated, use preg_replace_callback instead D:\wamp2\wamp\www\blog\myblog\ThinkPHP\Lib\Core\Dispatcher.class.php 第 120 行.
NOTIC: [8192] preg_replace(): The /e modifier is deprecated, use preg_replace_callback instead D:\wamp2\wamp\www\blog\myblog\ThinkPHP\Common\common.php 第 92 行.
INFO: [ app_begin ] --START--
INFO: Run ReadHtmlCache Behavior [ RunTime:0.001000s ]
INFO: [ app_begin ] --END-- [ RunTime:0.002000s ]
NOTIC: [8192] mysql_connect(): The mysql extension is deprecated and will be removed in the future: use mysqli or PDO instead D:\wamp2\wamp\www\blog\myblog\ThinkPHP\Lib\Driver\Db\DbMysql.class.php 第 55 行.
SQL: SHOW COLUMNS FROM `class` [ RunTime:0.008001s ]
NOTIC: [8192] preg_replace(): The /e modifier is deprecated, use preg_replace_callback instead D:\wamp2\wamp\www\blog\myblog\ThinkPHP\Lib\Core\Db.class.php 第 568 行.
SQL: SELECT * FROM `class`  [ RunTime:0.000000s ]
SQL: SHOW COLUMNS FROM `article` [ RunTime:0.009001s ]
NOTIC: [2] Missing argument 1 for Model::limit(), called in D:\wamp2\wamp\www\blog\myblog\capsule_v1\home\Lib\Action\IndexAction.class.php on line 15 and defined D:\wamp2\wamp\www\blog\myblog\ThinkPHP\Lib\Core\Model.class.php 第 1483 行.
NOTIC: [8] Undefined variable: offset D:\wamp2\wamp\www\blog\myblog\ThinkPHP\Lib\Core\Model.class.php 第 1484 行.
NOTIC: [8] Undefined offset: 0 D:\wamp2\wamp\www\blog\myblog\ThinkPHP\Lib\Core\Model.class.php 第 234 行.
NOTIC: [8192] preg_replace(): The /e modifier is deprecated, use preg_replace_callback instead D:\wamp2\wamp\www\blog\myblog\ThinkPHP\Lib\Core\Db.class.php 第 568 行.
SQL: SELECT * FROM `article` WHERE ( `status` = 1 ) AND ( `cid` = 0 )  [ RunTime:0.001000s ]
NOTIC: [8192] preg_replace(): The /e modifier is deprecated, use preg_replace_callback instead D:\wamp2\wamp\www\blog\myblog\ThinkPHP\Lib\Core\Db.class.php 第 568 行.
SQL: SELECT COUNT(*) AS tp_count FROM `article` WHERE ( `status` = 1 ) AND ( `cid` = 0 ) LIMIT 1   [ RunTime:0.000000s ]
INFO: [ view_template ] --START--
INFO: Run LocationTemplate Behavior [ RunTime:0.002000s ]
INFO: [ view_template ] --END-- [ RunTime:0.002000s ]
INFO: [ view_parse ] --START--
INFO: Run ParseTemplate Behavior [ RunTime:0.023001s ]
INFO: [ view_parse ] --END-- [ RunTime:0.023001s ]
INFO: [ view_filter ] --START--
INFO: Run ContentReplace Behavior [ RunTime:0.000000s ]
INFO: Run TokenBuild Behavior [ RunTime:0.001000s ]
INFO: Run WriteHtmlCache Behavior [ RunTime:0.000000s ]
INFO: Run ShowRuntime Behavior [ RunTime:0.002000s ]
INFO: [ view_filter ] --END-- [ RunTime:0.004001s ]
INFO: [ view_end ] --START--
INFO: Run ShowPageTrace Behavior [ RunTime:0.001000s ]
INFO: [ view_end ] --END-- [ RunTime:0.002000s ]

[ 2014-12-02T18:02:22+08:00 ] 127.0.0.1 /blog/myblog/capsule_v1/index.php/Public/verify/
INFO: [ route_check ] --START--
INFO: Run CheckRoute Behavior [ RunTime:0.001000s ]
INFO: [ route_check ] --END-- [ RunTime:0.001000s ]
NOTIC: [8192] preg_replace(): The /e modifier is deprecated, use preg_replace_callback instead D:\wamp2\wamp\www\blog\myblog\ThinkPHP\Lib\Core\Dispatcher.class.php 第 120 行.
NOTIC: [8192] preg_replace(): The /e modifier is deprecated, use preg_replace_callback instead D:\wamp2\wamp\www\blog\myblog\ThinkPHP\Common\common.php 第 92 行.
INFO: [ app_begin ] --START--
INFO: Run ReadHtmlCache Behavior [ RunTime:0.001000s ]
INFO: [ app_begin ] --END-- [ RunTime:0.002000s ]
NOTIC: [8] Use of undefined constant gif - assumed 'gif' D:\wamp2\wamp\www\blog\myblog\capsule_v1\home\Lib\Action\PublicAction.class.php 第 112 行.

[ 2014-12-02T18:02:23+08:00 ] 127.0.0.1 /blog/myblog/capsule_v1/index.php/Index/index/cid/1
INFO: [ route_check ] --START--
INFO: Run CheckRoute Behavior [ RunTime:0.002000s ]
INFO: [ route_check ] --END-- [ RunTime:0.002000s ]
NOTIC: [8192] preg_replace(): The /e modifier is deprecated, use preg_replace_callback instead D:\wamp2\wamp\www\blog\myblog\ThinkPHP\Lib\Core\Dispatcher.class.php 第 120 行.
NOTIC: [8192] preg_replace(): The /e modifier is deprecated, use preg_replace_callback instead D:\wamp2\wamp\www\blog\myblog\ThinkPHP\Common\common.php 第 92 行.
INFO: [ app_begin ] --START--
INFO: Run ReadHtmlCache Behavior [ RunTime:0.001000s ]
INFO: [ app_begin ] --END-- [ RunTime:0.001000s ]
NOTIC: [8192] mysql_connect(): The mysql extension is deprecated and will be removed in the future: use mysqli or PDO instead D:\wamp2\wamp\www\blog\myblog\ThinkPHP\Lib\Driver\Db\DbMysql.class.php 第 55 行.
SQL: SHOW COLUMNS FROM `class` [ RunTime:0.007000s ]
NOTIC: [8192] preg_replace(): The /e modifier is deprecated, use preg_replace_callback instead D:\wamp2\wamp\www\blog\myblog\ThinkPHP\Lib\Core\Db.class.php 第 568 行.
SQL: SELECT * FROM `class`  [ RunTime:0.001000s ]
SQL: SHOW COLUMNS FROM `article` [ RunTime:0.006001s ]
NOTIC: [2] Missing argument 1 for Model::limit(), called in D:\wamp2\wamp\www\blog\myblog\capsule_v1\home\Lib\Action\IndexAction.class.php on line 15 and defined D:\wamp2\wamp\www\blog\myblog\ThinkPHP\Lib\Core\Model.class.php 第 1483 行.
NOTIC: [8] Undefined variable: offset D:\wamp2\wamp\www\blog\myblog\ThinkPHP\Lib\Core\Model.class.php 第 1484 行.
NOTIC: [8] Undefined offset: 0 D:\wamp2\wamp\www\blog\myblog\ThinkPHP\Lib\Core\Model.class.php 第 234 行.
NOTIC: [8192] preg_replace(): The /e modifier is deprecated, use preg_replace_callback instead D:\wamp2\wamp\www\blog\myblog\ThinkPHP\Lib\Core\Db.class.php 第 568 行.
SQL: SELECT * FROM `article` WHERE ( `status` = 1 ) AND ( `cid` = 1 )  [ RunTime:0.001000s ]
NOTIC: [8192] preg_replace(): The /e modifier is deprecated, use preg_replace_callback instead D:\wamp2\wamp\www\blog\myblog\ThinkPHP\Lib\Core\Db.class.php 第 568 行.
SQL: SELECT COUNT(*) AS tp_count FROM `article` WHERE ( `status` = 1 ) AND ( `cid` = 1 ) LIMIT 1   [ RunTime:0.000000s ]
INFO: [ view_template ] --START--
INFO: Run LocationTemplate Behavior [ RunTime:0.001000s ]
INFO: [ view_template ] --END-- [ RunTime:0.001000s ]
INFO: [ view_parse ] --START--
INFO: Run ParseTemplate Behavior [ RunTime:0.022001s ]
INFO: [ view_parse ] --END-- [ RunTime:0.022001s ]
INFO: [ view_filter ] --START--
INFO: Run ContentReplace Behavior [ RunTime:0.001001s ]
INFO: Run TokenBuild Behavior [ RunTime:0.001000s ]
INFO: Run WriteHtmlCache Behavior [ RunTime:0.000000s ]
INFO: Run ShowRuntime Behavior [ RunTime:0.001000s ]
INFO: [ view_filter ] --END-- [ RunTime:0.003001s ]
INFO: [ view_end ] --START--
INFO: Run ShowPageTrace Behavior [ RunTime:0.000000s ]
INFO: [ view_end ] --END-- [ RunTime:0.001000s ]

[ 2014-12-02T18:02:23+08:00 ] 127.0.0.1 /blog/myblog/capsule_v1/index.php/Index/index/cid/images/shuai.jpg
INFO: [ route_check ] --START--
INFO: Run CheckRoute Behavior [ RunTime:0.001000s ]
INFO: [ route_check ] --END-- [ RunTime:0.002001s ]
NOTIC: [8192] preg_replace(): The /e modifier is deprecated, use preg_replace_callback instead D:\wamp2\wamp\www\blog\myblog\ThinkPHP\Lib\Core\Dispatcher.class.php 第 120 行.
NOTIC: [8192] preg_replace(): The /e modifier is deprecated, use preg_replace_callback instead D:\wamp2\wamp\www\blog\myblog\ThinkPHP\Common\common.php 第 92 行.
INFO: [ app_begin ] --START--
INFO: Run ReadHtmlCache Behavior [ RunTime:0.001000s ]
INFO: [ app_begin ] --END-- [ RunTime:0.002000s ]
NOTIC: [8192] mysql_connect(): The mysql extension is deprecated and will be removed in the future: use mysqli or PDO instead D:\wamp2\wamp\www\blog\myblog\ThinkPHP\Lib\Driver\Db\DbMysql.class.php 第 55 行.
SQL: SHOW COLUMNS FROM `class` [ RunTime:0.011000s ]
NOTIC: [8192] preg_replace(): The /e modifier is deprecated, use preg_replace_callback instead D:\wamp2\wamp\www\blog\myblog\ThinkPHP\Lib\Core\Db.class.php 第 568 行.
SQL: SELECT * FROM `class`  [ RunTime:0.000000s ]
SQL: SHOW COLUMNS FROM `article` [ RunTime:0.013001s ]
NOTIC: [2] Missing argument 1 for Model::limit(), called in D:\wamp2\wamp\www\blog\myblog\capsule_v1\home\Lib\Action\IndexAction.class.php on line 15 and defined D:\wamp2\wamp\www\blog\myblog\ThinkPHP\Lib\Core\Model.class.php 第 1483 行.
NOTIC: [8] Undefined variable: offset D:\wamp2\wamp\www\blog\myblog\ThinkPHP\Lib\Core\Model.class.php 第 1484 行.
NOTIC: [8] Undefined offset: 0 D:\wamp2\wamp\www\blog\myblog\ThinkPHP\Lib\Core\Model.class.php 第 234 行.
NOTIC: [8192] preg_replace(): The /e modifier is deprecated, use preg_replace_callback instead D:\wamp2\wamp\www\blog\myblog\ThinkPHP\Lib\Core\Db.class.php 第 568 行.
SQL: SELECT * FROM `article` WHERE ( `status` = 1 ) AND ( `cid` = 0 )  [ RunTime:0.001000s ]
NOTIC: [8192] preg_replace(): The /e modifier is deprecated, use preg_replace_callback instead D:\wamp2\wamp\www\blog\myblog\ThinkPHP\Lib\Core\Db.class.php 第 568 行.
SQL: SELECT COUNT(*) AS tp_count FROM `article` WHERE ( `status` = 1 ) AND ( `cid` = 0 ) LIMIT 1   [ RunTime:0.000000s ]
INFO: [ view_template ] --START--
INFO: Run LocationTemplate Behavior [ RunTime:0.001000s ]
INFO: [ view_template ] --END-- [ RunTime:0.002000s ]
INFO: [ view_parse ] --START--
INFO: Run ParseTemplate Behavior [ RunTime:0.026001s ]
INFO: [ view_parse ] --END-- [ RunTime:0.026001s ]
INFO: [ view_filter ] --START--
INFO: Run ContentReplace Behavior [ RunTime:0.001000s ]
INFO: Run TokenBuild Behavior [ RunTime:0.001000s ]
INFO: Run WriteHtmlCache Behavior [ RunTime:0.001000s ]
INFO: Run ShowRuntime Behavior [ RunTime:0.001000s ]
INFO: [ view_filter ] --END-- [ RunTime:0.004000s ]
INFO: [ view_end ] --START--
INFO: Run ShowPageTrace Behavior [ RunTime:0.001000s ]
INFO: [ view_end ] --END-- [ RunTime:0.001000s ]

[ 2014-12-02T18:02:23+08:00 ] 127.0.0.1 /blog/myblog/capsule_v1/index.php/Index/index/cid/1
INFO: [ route_check ] --START--
INFO: Run CheckRoute Behavior [ RunTime:0.001000s ]
INFO: [ route_check ] --END-- [ RunTime:0.001000s ]
NOTIC: [8192] preg_replace(): The /e modifier is deprecated, use preg_replace_callback instead D:\wamp2\wamp\www\blog\myblog\ThinkPHP\Lib\Core\Dispatcher.class.php 第 120 行.
NOTIC: [8192] preg_replace(): The /e modifier is deprecated, use preg_replace_callback instead D:\wamp2\wamp\www\blog\myblog\ThinkPHP\Common\common.php 第 92 行.
INFO: [ app_begin ] --START--
INFO: Run ReadHtmlCache Behavior [ RunTime:0.001000s ]
INFO: [ app_begin ] --END-- [ RunTime:0.002001s ]
NOTIC: [8192] mysql_connect(): The mysql extension is deprecated and will be removed in the future: use mysqli or PDO instead D:\wamp2\wamp\www\blog\myblog\ThinkPHP\Lib\Driver\Db\DbMysql.class.php 第 55 行.
SQL: SHOW COLUMNS FROM `class` [ RunTime:0.008000s ]
NOTIC: [8192] preg_replace(): The /e modifier is deprecated, use preg_replace_callback instead D:\wamp2\wamp\www\blog\myblog\ThinkPHP\Lib\Core\Db.class.php 第 568 行.
SQL: SELECT * FROM `class`  [ RunTime:0.001000s ]
SQL: SHOW COLUMNS FROM `article` [ RunTime:0.010001s ]
NOTIC: [2] Missing argument 1 for Model::limit(), called in D:\wamp2\wamp\www\blog\myblog\capsule_v1\home\Lib\Action\IndexAction.class.php on line 15 and defined D:\wamp2\wamp\www\blog\myblog\ThinkPHP\Lib\Core\Model.class.php 第 1483 行.
NOTIC: [8] Undefined variable: offset D:\wamp2\wamp\www\blog\myblog\ThinkPHP\Lib\Core\Model.class.php 第 1484 行.
NOTIC: [8] Undefined offset: 0 D:\wamp2\wamp\www\blog\myblog\ThinkPHP\Lib\Core\Model.class.php 第 234 行.
NOTIC: [8192] preg_replace(): The /e modifier is deprecated, use preg_replace_callback instead D:\wamp2\wamp\www\blog\myblog\ThinkPHP\Lib\Core\Db.class.php 第 568 行.
SQL: SELECT * FROM `article` WHERE ( `status` = 1 ) AND ( `cid` = 1 )  [ RunTime:0.000000s ]
NOTIC: [8192] preg_replace(): The /e modifier is deprecated, use preg_replace_callback instead D:\wamp2\wamp\www\blog\myblog\ThinkPHP\Lib\Core\Db.class.php 第 568 行.
SQL: SELECT COUNT(*) AS tp_count FROM `article` WHERE ( `status` = 1 ) AND ( `cid` = 1 ) LIMIT 1   [ RunTime:0.001000s ]
INFO: [ view_template ] --START--
INFO: Run LocationTemplate Behavior [ RunTime:0.003001s ]
INFO: [ view_template ] --END-- [ RunTime:0.003001s ]
INFO: [ view_parse ] --START--
INFO: Run ParseTemplate Behavior [ RunTime:0.020001s ]
INFO: [ view_parse ] --END-- [ RunTime:0.020001s ]
INFO: [ view_filter ] --START--
INFO: Run ContentReplace Behavior [ RunTime:0.001000s ]
INFO: Run TokenBuild Behavior [ RunTime:0.001000s ]
INFO: Run WriteHtmlCache Behavior [ RunTime:0.001000s ]
INFO: Run ShowRuntime Behavior [ RunTime:0.001000s ]
INFO: [ view_filter ] --END-- [ RunTime:0.005000s ]
INFO: [ view_end ] --START--
INFO: Run ShowPageTrace Behavior [ RunTime:0.000000s ]
INFO: [ view_end ] --END-- [ RunTime:0.001000s ]

[ 2014-12-02T18:02:23+08:00 ] 127.0.0.1 /blog/myblog/capsule_v1/index.php/Index/index/cid/images/shuai.jpg
INFO: [ route_check ] --START--
INFO: Run CheckRoute Behavior [ RunTime:0.001000s ]
INFO: [ route_check ] --END-- [ RunTime:0.002000s ]
NOTIC: [8192] preg_replace(): The /e modifier is deprecated, use preg_replace_callback instead D:\wamp2\wamp\www\blog\myblog\ThinkPHP\Lib\Core\Dispatcher.class.php 第 120 行.
NOTIC: [8192] preg_replace(): The /e modifier is deprecated, use preg_replace_callback instead D:\wamp2\wamp\www\blog\myblog\ThinkPHP\Common\common.php 第 92 行.
INFO: [ app_begin ] --START--
INFO: Run ReadHtmlCache Behavior [ RunTime:0.001000s ]
INFO: [ app_begin ] --END-- [ RunTime:0.002000s ]
NOTIC: [8192] mysql_connect(): The mysql extension is deprecated and will be removed in the future: use mysqli or PDO instead D:\wamp2\wamp\www\blog\myblog\ThinkPHP\Lib\Driver\Db\DbMysql.class.php 第 55 行.
SQL: SHOW COLUMNS FROM `class` [ RunTime:0.009000s ]
NOTIC: [8192] preg_replace(): The /e modifier is deprecated, use preg_replace_callback instead D:\wamp2\wamp\www\blog\myblog\ThinkPHP\Lib\Core\Db.class.php 第 568 行.
SQL: SELECT * FROM `class`  [ RunTime:0.000000s ]
SQL: SHOW COLUMNS FROM `article` [ RunTime:0.032002s ]
NOTIC: [2] Missing argument 1 for Model::limit(), called in D:\wamp2\wamp\www\blog\myblog\capsule_v1\home\Lib\Action\IndexAction.class.php on line 15 and defined D:\wamp2\wamp\www\blog\myblog\ThinkPHP\Lib\Core\Model.class.php 第 1483 行.
NOTIC: [8] Undefined variable: offset D:\wamp2\wamp\www\blog\myblog\ThinkPHP\Lib\Core\Model.class.php 第 1484 行.
NOTIC: [8] Undefined offset: 0 D:\wamp2\wamp\www\blog\myblog\ThinkPHP\Lib\Core\Model.class.php 第 234 行.
NOTIC: [8192] preg_replace(): The /e modifier is deprecated, use preg_replace_callback instead D:\wamp2\wamp\www\blog\myblog\ThinkPHP\Lib\Core\Db.class.php 第 568 行.
SQL: SELECT * FROM `article` WHERE ( `status` = 1 ) AND ( `cid` = 0 )  [ RunTime:0.001000s ]
NOTIC: [8192] preg_replace(): The /e modifier is deprecated, use preg_replace_callback instead D:\wamp2\wamp\www\blog\myblog\ThinkPHP\Lib\Core\Db.class.php 第 568 行.
SQL: SELECT COUNT(*) AS tp_count FROM `article` WHERE ( `status` = 1 ) AND ( `cid` = 0 ) LIMIT 1   [ RunTime:0.001000s ]
INFO: [ view_template ] --START--
INFO: Run LocationTemplate Behavior [ RunTime:0.001000s ]
INFO: [ view_template ] --END-- [ RunTime:0.003000s ]
INFO: [ view_parse ] --START--
INFO: Run ParseTemplate Behavior [ RunTime:0.024001s ]
INFO: [ view_parse ] --END-- [ RunTime:0.025001s ]
INFO: [ view_filter ] --START--
INFO: Run ContentReplace Behavior [ RunTime:0.001000s ]
INFO: Run TokenBuild Behavior [ RunTime:0.001000s ]
INFO: Run WriteHtmlCache Behavior [ RunTime:0.001000s ]
INFO: Run ShowRuntime Behavior [ RunTime:0.002001s ]
INFO: [ view_filter ] --END-- [ RunTime:0.006001s ]
INFO: [ view_end ] --START--
INFO: Run ShowPageTrace Behavior [ RunTime:0.001000s ]
INFO: [ view_end ] --END-- [ RunTime:0.001000s ]

[ 2014-12-02T18:02:23+08:00 ] 127.0.0.1 /blog/myblog/capsule_v1/index.php/Public/verify/
INFO: [ route_check ] --START--
INFO: Run CheckRoute Behavior [ RunTime:0.002000s ]
INFO: [ route_check ] --END-- [ RunTime:0.002000s ]
NOTIC: [8192] preg_replace(): The /e modifier is deprecated, use preg_replace_callback instead D:\wamp2\wamp\www\blog\myblog\ThinkPHP\Lib\Core\Dispatcher.class.php 第 120 行.
NOTIC: [8192] preg_replace(): The /e modifier is deprecated, use preg_replace_callback instead D:\wamp2\wamp\www\blog\myblog\ThinkPHP\Common\common.php 第 92 行.
INFO: [ app_begin ] --START--
INFO: Run ReadHtmlCache Behavior [ RunTime:0.002001s ]
INFO: [ app_begin ] --END-- [ RunTime:0.002001s ]
NOTIC: [8] Use of undefined constant gif - assumed 'gif' D:\wamp2\wamp\www\blog\myblog\capsule_v1\home\Lib\Action\PublicAction.class.php 第 112 行.

